# JRE version: OpenJDK Runtime Environment (8.0_171-b11) (build 1.8.0_171-8u171-b11-0ubuntu0.18.04.1-b11)
# Java VM: OpenJDK 64-Bit Server VM (25.171-b11 mixed mode linux-amd64 compressed oops)
Heap:
 PSYoungGen      total 323072K, used 38842K [0x00000000eb780000, 0x0000000100000000, 0x0000000100000000)
  eden space 314880K, 9% used [0x00000000eb780000,0x00000000ed56ebf8,0x00000000feb00000)
  from space 8192K, 100% used [0x00000000ff800000,0x0000000100000000,0x0000000100000000)
  to   space 10752K, 0% used [0x00000000feb00000,0x00000000feb00000,0x00000000ff580000)
 ParOldGen       total 47104K, used 17111K [0x00000000c2600000, 0x00000000c5400000, 0x00000000eb780000)
  object space 47104K, 36% used [0x00000000c2600000,0x00000000c36b5cd8,0x00000000c5400000)
 Metaspace       used 43664K, capacity 44828K, committed 44968K, reserved 1089536K
  class space    used 5021K, capacity 5431K, committed 5552K, reserved 1048576K
GC Heap History (10 events):
Event: 5.483 GC heap before
{Heap before GC invocations=12 (full 1):
 PSYoungGen      total 207360K, used 200192K [0x00000000eb780000, 0x00000000f8900000, 0x0000000100000000)
  eden space 200192K, 100% used [0x00000000eb780000,0x00000000f7b00000,0x00000000f7b00000)
  from space 7168K, 0% used [0x00000000f8200000,0x00000000f8200000,0x00000000f8900000)
  to   space 7168K, 0% used [0x00000000f7b00000,0x00000000f7b00000,0x00000000f8200000)
 ParOldGen       total 34304K, used 10441K [0x00000000c2600000, 0x00000000c4780000, 0x00000000eb780000)
  object space 34304K, 30% used [0x00000000c2600000,0x00000000c3032500,0x00000000c4780000)
 Metaspace       used 27687K, capacity 28042K, committed 28336K, reserved 1075200K
  class space    used 3015K, capacity 3132K, committed 3248K, reserved 1048576K
Event: 5.501 GC heap after
Heap after GC invocations=12 (full 1):
 PSYoungGen      total 207360K, used 6200K [0x00000000eb780000, 0x00000000fd500000, 0x0000000100000000)
  eden space 200192K, 0% used [0x00000000eb780000,0x00000000eb780000,0x00000000f7b00000)
  from space 7168K, 86% used [0x00000000f7b00000,0x00000000f810e1c0,0x00000000f8200000)
  to   space 7680K, 0% used [0x00000000fcd80000,0x00000000fcd80000,0x00000000fd500000)
 ParOldGen       total 34304K, used 10449K [0x00000000c2600000, 0x00000000c4780000, 0x00000000eb780000)
  object space 34304K, 30% used [0x00000000c2600000,0x00000000c3034500,0x00000000c4780000)
 Metaspace       used 27687K, capacity 28042K, committed 28336K, reserved 1075200K
  class space    used 3015K, capacity 3132K, committed 3248K, reserved 1048576K
}
Event: 6.442 GC heap before
{Heap before GC invocations=13 (full 1):
 PSYoungGen      total 207360K, used 206392K [0x00000000eb780000, 0x00000000fd500000, 0x0000000100000000)
  eden space 200192K, 100% used [0x00000000eb780000,0x00000000f7b00000,0x00000000f7b00000)
  from space 7168K, 86% used [0x00000000f7b00000,0x00000000f810e1c0,0x00000000f8200000)
  to   space 7680K, 0% used [0x00000000fcd80000,0x00000000fcd80000,0x00000000fd500000)
 ParOldGen       total 34304K, used 10449K [0x00000000c2600000, 0x00000000c4780000, 0x00000000eb780000)
  object space 34304K, 30% used [0x00000000c2600000,0x00000000c3034500,0x00000000c4780000)
 Metaspace       used 33952K, capacity 34424K, committed 34736K, reserved 1079296K
  class space    used 3758K, capacity 3891K, committed 4016K, reserved 1048576K
Event: 6.463 GC heap after
Heap after GC invocations=13 (full 1):
 PSYoungGen      total 280064K, used 5453K [0x00000000eb780000, 0x00000000fd300000, 0x0000000100000000)
  eden space 274432K, 0% used [0x00000000eb780000,0x00000000eb780000,0x00000000fc380000)
  from space 5632K, 96% used [0x00000000fcd80000,0x00000000fd2d3570,0x00000000fd300000)
  to   space 7680K, 0% used [0x00000000fc400000,0x00000000fc400000,0x00000000fcb80000)
 ParOldGen       total 34304K, used 12043K [0x00000000c2600000, 0x00000000c4780000, 0x00000000eb780000)
  object space 34304K, 35% used [0x00000000c2600000,0x00000000c31c2e38,0x00000000c4780000)
 Metaspace       used 33952K, capacity 34424K, committed 34736K, reserved 1079296K
  class space    used 3758K, capacity 3891K, committed 4016K, reserved 1048576K
}
Event: 6.669 GC heap before
{Heap before GC invocations=14 (full 1):
 PSYoungGen      total 280064K, used 39030K [0x00000000eb780000, 0x00000000fd300000, 0x0000000100000000)
  eden space 274432K, 12% used [0x00000000eb780000,0x00000000ed84a5e0,0x00000000fc380000)
  from space 5632K, 96% used [0x00000000fcd80000,0x00000000fd2d3570,0x00000000fd300000)
  to   space 7680K, 0% used [0x00000000fc400000,0x00000000fc400000,0x00000000fcb80000)
 ParOldGen       total 34304K, used 12043K [0x00000000c2600000, 0x00000000c4780000, 0x00000000eb780000)
  object space 34304K, 35% used [0x00000000c2600000,0x00000000c31c2e38,0x00000000c4780000)
 Metaspace       used 34849K, capacity 35238K, committed 35496K, reserved 1081344K
  class space    used 3883K, capacity 3990K, committed 4016K, reserved 1048576K
Event: 6.677 GC heap after
Heap after GC invocations=14 (full 1):
 PSYoungGen      total 282624K, used 1077K [0x00000000eb780000, 0x0000000100000000, 0x0000000100000000)
  eden space 274944K, 0% used [0x00000000eb780000,0x00000000eb780000,0x00000000fc400000)
  from space 7680K, 14% used [0x00000000fc400000,0x00000000fc50d6b0,0x00000000fcb80000)
  to   space 8192K, 0% used [0x00000000ff800000,0x00000000ff800000,0x0000000100000000)
 ParOldGen       total 34304K, used 13111K [0x00000000c2600000, 0x00000000c4780000, 0x00000000eb780000)
  object space 34304K, 38% used [0x00000000c2600000,0x00000000c32cde98,0x00000000c4780000)
 Metaspace       used 34849K, capacity 35238K, committed 35496K, reserved 1081344K
  class space    used 3883K, capacity 3990K, committed 4016K, reserved 1048576K
}
Event: 6.677 GC heap before
{Heap before GC invocations=15 (full 2):
 PSYoungGen      total 282624K, used 1077K [0x00000000eb780000, 0x0000000100000000, 0x0000000100000000)
  eden space 274944K, 0% used [0x00000000eb780000,0x00000000eb780000,0x00000000fc400000)
  from space 7680K, 14% used [0x00000000fc400000,0x00000000fc50d6b0,0x00000000fcb80000)
  to   space 8192K, 0% used [0x00000000ff800000,0x00000000ff800000,0x0000000100000000)
 ParOldGen       total 34304K, used 13111K [0x00000000c2600000, 0x00000000c4780000, 0x00000000eb780000)
  object space 34304K, 38% used [0x00000000c2600000,0x00000000c32cde98,0x00000000c4780000)
 Metaspace       used 34849K, capacity 35238K, committed 35496K, reserved 1081344K
  class space    used 3883K, capacity 3990K, committed 4016K, reserved 1048576K
Event: 6.795 GC heap after
Heap after GC invocations=15 (full 2):
 PSYoungGen      total 282624K, used 0K [0x00000000eb780000, 0x0000000100000000, 0x0000000100000000)
  eden space 274944K, 0% used [0x00000000eb780000,0x00000000eb780000,0x00000000fc400000)
  from space 7680K, 0% used [0x00000000fc400000,0x00000000fc400000,0x00000000fcb80000)
  to   space 8192K, 0% used [0x00000000ff800000,0x00000000ff800000,0x0000000100000000)
 ParOldGen       total 47104K, used 12364K [0x00000000c2600000, 0x00000000c5400000, 0x00000000eb780000)
  object space 47104K, 26% used [0x00000000c2600000,0x00000000c32132c0,0x00000000c5400000)
 Metaspace       used 34849K, capacity 35238K, committed 35496K, reserved 1081344K
  class space    used 3883K, capacity 3990K, committed 4016K, reserved 1048576K
}
Event: 8.447 GC heap before
{Heap before GC invocations=16 (full 2):
 PSYoungGen      total 282624K, used 274944K [0x00000000eb780000, 0x0000000100000000, 0x0000000100000000)
  eden space 274944K, 100% used [0x00000000eb780000,0x00000000fc400000,0x00000000fc400000)
  from space 7680K, 0% used [0x00000000fc400000,0x00000000fc400000,0x00000000fcb80000)
  to   space 8192K, 0% used [0x00000000ff800000,0x00000000ff800000,0x0000000100000000)
 ParOldGen       total 47104K, used 12364K [0x00000000c2600000, 0x00000000c5400000, 0x00000000eb780000)
  object space 47104K, 26% used [0x00000000c2600000,0x00000000c32132c0,0x00000000c5400000)
 Metaspace       used 43401K, capacity 44548K, committed 44712K, reserved 1089536K
  class space    used 5019K, capacity 5429K, committed 5552K, reserved 1048576K
Event: 8.474 GC heap after
Heap after GC invocations=16 (full 2):
 PSYoungGen      total 323072K, used 8192K [0x00000000eb780000, 0x0000000100000000, 0x0000000100000000)
  eden space 314880K, 0% used [0x00000000eb780000,0x00000000eb780000,0x00000000feb00000)
  from space 8192K, 100% used [0x00000000ff800000,0x0000000100000000,0x0000000100000000)
  to   space 10752K, 0% used [0x00000000feb00000,0x00000000feb00000,0x00000000ff580000)
 ParOldGen       total 47104K, used 17111K [0x00000000c2600000, 0x00000000c5400000, 0x00000000eb780000)
  object space 47104K, 36% used [0x00000000c2600000,0x00000000c36b5cd8,0x00000000c5400000)
 Metaspace       used 43401K, capacity 44548K, committed 44712K, reserved 1089536K
  class space    used 5019K, capacity 5429K, committed 5552K, reserved 1048576K
}

